<?xml version="1.0" encoding="UTF-8"?>
<!-- Generated by org.testng.reporters.JUnitXMLReporter -->
<testsuite hostname="joshwas-MacBook-Pro.local" ignored="0" name="Surefire test" tests="6" failures="0" timestamp="2022-03-12T20:15:23 CST" time="33.651" errors="0">
  <testcase name="ValidategamerTagsTest" time="3.781" classname="com.xbox.qa.testcases.LeaderboardPageTest"/>
  <testcase name="verifyLeaderboardPageTitleTest" time="1.515" classname="com.xbox.qa.testcases.LeaderboardPageTest"/>
  <testcase name="LeaderboardLinkTest" time="1.635" classname="com.xbox.qa.testcases.HomePageTest"/>
  <testcase name="validateGameTitleTest" time="2.618" classname="com.xbox.qa.testcases.HomePageTest"/>
  <testcase name="verifyLogoTest" time="0.23" classname="com.xbox.qa.testcases.HomePageTest"/>
  <testcase name="HomePageTitleTest" time="0.06" classname="com.xbox.qa.testcases.HomePageTest"/>
</testsuite> <!-- Surefire test -->
