<?xml version="1.0" encoding="UTF-8"?>
<!-- Generated by org.testng.reporters.JUnitXMLReporter -->
<testsuite ignored="1" hostname="joshwas-MacBook-Pro.local" failures="0" tests="1" name="Default test" time="10.963" errors="0" timestamp="2022-03-12T19:32:00 CST">
  <testcase classname="com.xbox.qa.testcases.LeaderboardPageTest" name="ValidategamerTagsTest" time="2.951"/>
  <testcase classname="com.xbox.qa.testcases.LeaderboardPageTest" name="verifyLeaderboardPageTitleTest" time="0.0">
    <ignored/>
  </testcase> <!-- verifyLeaderboardPageTitleTest -->
</testsuite> <!-- Default test -->
