<?xml version="1.0" encoding="UTF-8"?>
<testng-results skipped="0" failed="0" ignored="0" total="6" passed="6">
  <reporter-output>
  </reporter-output>
  <suite name="Surefire suite" duration-ms="33651" started-at="2022-03-12T20:14:49 CST" finished-at="2022-03-12T20:15:23 CST">
    <groups>
    </groups>
    <test name="Surefire test" duration-ms="33651" started-at="2022-03-12T20:14:49 CST" finished-at="2022-03-12T20:15:23 CST">
      <class name="com.xbox.qa.testcases.HomePageTest">
        <test-method status="PASS" signature="Setup()[pri:0, instance:com.xbox.qa.testcases.HomePageTest@1dfe2924]" name="Setup" is-config="true" duration-ms="2978" started-at="2022-03-12T20:15:06 CST" finished-at="2022-03-12T20:15:09 CST">
          <reporter-output>
          </reporter-output>
        </test-method> <!-- Setup -->
        <test-method status="PASS" signature="LeaderboardLinkTest()[pri:0, instance:com.xbox.qa.testcases.HomePageTest@1dfe2924]" name="LeaderboardLinkTest" duration-ms="1635" started-at="2022-03-12T20:15:09 CST" finished-at="2022-03-12T20:15:11 CST">
          <reporter-output>
          </reporter-output>
        </test-method> <!-- LeaderboardLinkTest -->
        <test-method status="PASS" signature="tearDown()[pri:0, instance:com.xbox.qa.testcases.HomePageTest@1dfe2924]" name="tearDown" is-config="true" duration-ms="379" started-at="2022-03-12T20:15:11 CST" finished-at="2022-03-12T20:15:11 CST">
          <reporter-output>
          </reporter-output>
        </test-method> <!-- tearDown -->
        <test-method status="PASS" signature="Setup()[pri:0, instance:com.xbox.qa.testcases.HomePageTest@1dfe2924]" name="Setup" is-config="true" duration-ms="2586" started-at="2022-03-12T20:15:11 CST" finished-at="2022-03-12T20:15:14 CST">
          <reporter-output>
          </reporter-output>
        </test-method> <!-- Setup -->
        <test-method status="PASS" signature="validateGameTitleTest()[pri:0, instance:com.xbox.qa.testcases.HomePageTest@1dfe2924]" name="validateGameTitleTest" duration-ms="2618" started-at="2022-03-12T20:15:14 CST" finished-at="2022-03-12T20:15:16 CST">
          <reporter-output>
          </reporter-output>
        </test-method> <!-- validateGameTitleTest -->
        <test-method status="PASS" signature="tearDown()[pri:0, instance:com.xbox.qa.testcases.HomePageTest@1dfe2924]" name="tearDown" is-config="true" duration-ms="294" started-at="2022-03-12T20:15:16 CST" finished-at="2022-03-12T20:15:17 CST">
          <reporter-output>
          </reporter-output>
        </test-method> <!-- tearDown -->
        <test-method status="PASS" signature="Setup()[pri:0, instance:com.xbox.qa.testcases.HomePageTest@1dfe2924]" name="Setup" is-config="true" duration-ms="2700" started-at="2022-03-12T20:15:17 CST" finished-at="2022-03-12T20:15:19 CST">
          <reporter-output>
          </reporter-output>
        </test-method> <!-- Setup -->
        <test-method status="PASS" signature="verifyLogoTest()[pri:0, instance:com.xbox.qa.testcases.HomePageTest@1dfe2924]" name="verifyLogoTest" duration-ms="230" started-at="2022-03-12T20:15:19 CST" finished-at="2022-03-12T20:15:19 CST">
          <reporter-output>
          </reporter-output>
        </test-method> <!-- verifyLogoTest -->
        <test-method status="PASS" signature="tearDown()[pri:0, instance:com.xbox.qa.testcases.HomePageTest@1dfe2924]" name="tearDown" is-config="true" duration-ms="282" started-at="2022-03-12T20:15:19 CST" finished-at="2022-03-12T20:15:20 CST">
          <reporter-output>
          </reporter-output>
        </test-method> <!-- tearDown -->
        <test-method status="PASS" signature="Setup()[pri:0, instance:com.xbox.qa.testcases.HomePageTest@1dfe2924]" name="Setup" is-config="true" duration-ms="3056" started-at="2022-03-12T20:15:20 CST" finished-at="2022-03-12T20:15:23 CST">
          <reporter-output>
          </reporter-output>
        </test-method> <!-- Setup -->
        <test-method status="PASS" signature="HomePageTitleTest()[pri:1, instance:com.xbox.qa.testcases.HomePageTest@1dfe2924]" name="HomePageTitleTest" duration-ms="60" started-at="2022-03-12T20:15:23 CST" finished-at="2022-03-12T20:15:23 CST">
          <reporter-output>
          </reporter-output>
        </test-method> <!-- HomePageTitleTest -->
        <test-method status="PASS" signature="tearDown()[pri:0, instance:com.xbox.qa.testcases.HomePageTest@1dfe2924]" name="tearDown" is-config="true" duration-ms="187" started-at="2022-03-12T20:15:23 CST" finished-at="2022-03-12T20:15:23 CST">
          <reporter-output>
          </reporter-output>
        </test-method> <!-- tearDown -->
      </class> <!-- com.xbox.qa.testcases.HomePageTest -->
      <class name="com.xbox.qa.testcases.LeaderboardPageTest">
        <test-method status="PASS" signature="Setup()[pri:0, instance:com.xbox.qa.testcases.LeaderboardPageTest@6b09bb57]" name="Setup" is-config="true" duration-ms="7582" started-at="2022-03-12T20:14:49 CST" finished-at="2022-03-12T20:14:57 CST">
          <reporter-output>
          </reporter-output>
        </test-method> <!-- Setup -->
        <test-method status="PASS" signature="ValidategamerTagsTest()[pri:0, instance:com.xbox.qa.testcases.LeaderboardPageTest@6b09bb57]" name="ValidategamerTagsTest" duration-ms="3781" started-at="2022-03-12T20:14:57 CST" finished-at="2022-03-12T20:15:01 CST">
          <reporter-output>
          </reporter-output>
        </test-method> <!-- ValidategamerTagsTest -->
        <test-method status="PASS" signature="tearDown()[pri:0, instance:com.xbox.qa.testcases.LeaderboardPageTest@6b09bb57]" name="tearDown" is-config="true" duration-ms="330" started-at="2022-03-12T20:15:01 CST" finished-at="2022-03-12T20:15:01 CST">
          <reporter-output>
          </reporter-output>
        </test-method> <!-- tearDown -->
        <test-method status="PASS" signature="Setup()[pri:0, instance:com.xbox.qa.testcases.LeaderboardPageTest@6b09bb57]" name="Setup" is-config="true" duration-ms="3037" started-at="2022-03-12T20:15:01 CST" finished-at="2022-03-12T20:15:04 CST">
          <reporter-output>
          </reporter-output>
        </test-method> <!-- Setup -->
        <test-method status="PASS" signature="verifyLeaderboardPageTitleTest()[pri:1, instance:com.xbox.qa.testcases.LeaderboardPageTest@6b09bb57]" name="verifyLeaderboardPageTitleTest" duration-ms="1515" started-at="2022-03-12T20:15:04 CST" finished-at="2022-03-12T20:15:06 CST">
          <reporter-output>
          </reporter-output>
        </test-method> <!-- verifyLeaderboardPageTitleTest -->
        <test-method status="PASS" signature="tearDown()[pri:0, instance:com.xbox.qa.testcases.LeaderboardPageTest@6b09bb57]" name="tearDown" is-config="true" duration-ms="353" started-at="2022-03-12T20:15:06 CST" finished-at="2022-03-12T20:15:06 CST">
          <reporter-output>
          </reporter-output>
        </test-method> <!-- tearDown -->
      </class> <!-- com.xbox.qa.testcases.LeaderboardPageTest -->
    </test> <!-- Surefire test -->
  </suite> <!-- Surefire suite -->
</testng-results>
