<?xml version="1.0" encoding="UTF-8"?>
<testng-results ignored="1" total="2" passed="1" failed="0" skipped="0">
  <reporter-output>
  </reporter-output>
  <suite started-at="2022-03-12T19:31:49 CST" name="Default suite" finished-at="2022-03-12T19:32:00 CST" duration-ms="10963">
    <groups>
    </groups>
    <test started-at="2022-03-12T19:31:49 CST" name="Default test" finished-at="2022-03-12T19:32:00 CST" duration-ms="10963">
      <class name="com.xbox.qa.testcases.LeaderboardPageTest">
        <test-method is-config="true" signature="Setup()[pri:0, instance:com.xbox.qa.testcases.LeaderboardPageTest@32b260fa]" started-at="2022-03-12T19:31:49 CST" name="Setup" finished-at="2022-03-12T19:31:57 CST" duration-ms="7598" status="PASS">
          <reporter-output>
          </reporter-output>
        </test-method> <!-- Setup -->
        <test-method signature="ValidategamerTagsTest()[pri:0, instance:com.xbox.qa.testcases.LeaderboardPageTest@32b260fa]" started-at="2022-03-12T19:31:57 CST" name="ValidategamerTagsTest" finished-at="2022-03-12T19:32:00 CST" duration-ms="2951" status="PASS">
          <reporter-output>
          </reporter-output>
        </test-method> <!-- ValidategamerTagsTest -->
        <test-method is-config="true" signature="tearDown()[pri:0, instance:com.xbox.qa.testcases.LeaderboardPageTest@32b260fa]" started-at="2022-03-12T19:32:00 CST" name="tearDown" finished-at="2022-03-12T19:32:00 CST" duration-ms="341" status="PASS">
          <reporter-output>
          </reporter-output>
        </test-method> <!-- tearDown -->
      </class> <!-- com.xbox.qa.testcases.LeaderboardPageTest -->
    </test> <!-- Default test -->
  </suite> <!-- Default suite -->
</testng-results>
